<?xml version="1.0" encoding="UTF-8"?>
<testsuite name="AcronymTest" tests="6" skipped="0" failures="0" errors="0" timestamp="2016-05-13T21:23:27" hostname="Valeries-MacBook-Air.local" time="0.006">
  <properties/>
  <testcase name="fromTitleCasedPhrases" classname="AcronymTest" time="0.003"/>
  <testcase name="fromPhrasesWithPunctuationAndSentenceCasing" classname="AcronymTest" time="0.0"/>
  <testcase name="fromOtherTitleCasedPhrases" classname="AcronymTest" time="0.0"/>
  <testcase name="fromInconsistentlyCasedPhrases" classname="AcronymTest" time="0.0"/>
  <testcase name="fromPhrasesWithPunctuation" classname="AcronymTest" time="0.0"/>
  <testcase name="fromOtherPhrasesWithPunctuation" classname="AcronymTest" time="0.0"/>
  <system-out><![CDATA[]]></system-out>
  <system-err><![CDATA[]]></system-err>
</testsuite>
